<?xml version="1.0" encoding="UTF-8" ?>
<testsuite errors="0" failures="0" hostname="maipisiui-MacBook-Air.local" name="com.thangtran.mathutil.test.core.MathUtilityTest" skipped="0" tests="3" time="5.218" timestamp="2023-08-02T08:56:43">
  <properties>
[...]
</properties>
  <testcase classname="com.thangtran.mathutil.test.core.MathUtilityTest" name="testGetFactorialGivenWrongArugrumentThrowsException_TryCatch" time="0.014" />
  <testcase classname="com.thangtran.mathutil.test.core.MathUtilityTest" name="testGetFactorialGivenWrongArugrumentThrowsException_LambdaVersion" time="0.003" />
  <testcase classname="com.thangtran.mathutil.test.core.MathUtilityTest" name="testGetFactorialGivenRightArgumentReturnsWell" time="0.001" />
  <system-out><![CDATA[]]></system-out>
  <system-err><![CDATA[]]></system-err>
</testsuite>
